make all --print-data-base --no-builtin-variables --no-builtin-rules --question
# GNU Make 3.81
# Copyright (C) 2006  Free Software Foundation, Inc.
# This is free software; see the source for copying conditions.
# There is NO warranty; not even for MERCHANTABILITY or FITNESS FOR A
# PARTICULAR PURPOSE.

# This program built for i386-apple-darwin11.3.0
 

# Make data base, printed on Wed Nov 16 14:24:32 2022

# Variables

# automatic
<D = $(patsubst %/,%,$(dir $<))
# environment
RUBY_VERSION = 2.7.4
# automatic
?F = $(notdir $?)
# automatic
?D = $(patsubst %/,%,$(dir $?))
# automatic
@D = $(patsubst %/,%,$(dir $@))
# automatic
@F = $(notdir $@)
# makefile
CURDIR := /Users/matto/Unison/github/vitroid.github.io/MD
# makefile
SHELL = /bin/sh
# environment
VSCODE_NLS_CONFIG = {"locale":"en-us","availableLanguages":{},"_languagePackSupport":true}
# environment
_ = /usr/bin/make
# makefile (from `Makefile', line 1)
MAKEFILE_LIST :=  Makefile
# environment
__CFBundleIdentifier = com.microsoft.VSCodeInsiders
# environment
VSCODE_CWD = /
# environment
PATH = /Users/matto/opt/anaconda3/condabin:/opt/homebrew/opt/qt@5/bin:/opt/homebrew/opt/openssl@1.1/bin:/Users/matto/.deta/bin:/Users/matto/.gem/ruby/2.7.4/bin:/Users/matto/.rubies/ruby-2.7.4/lib/ruby/gems/2.7.0/bin:/Users/matto/.rubies/ruby-2.7.4/bin:/opt/homebrew/bin:/Users/matto/.gem/ruby/2.6.0/bin:/usr/local/opt/ruby/bin:/Users/matto/.cabal/bin/:/Users/matto/bin:/usr/local/sbin:/usr/X11R6/bin:/usr/local/bin:/usr/bin:/bin:/usr/sbin:/sbin:/opt/X11/bin
# environment
LSCOLORS = ExFxCxDxBxEGEDABAGACAD
# environment
RUBYOPT = 
# environment
ELECTRON_RUN_AS_NODE = 1
# default
.FEATURES := target-specific order-only second-expansion else-if archives jobserver check-symlink
# environment
SSH_AUTH_SOCK = /private/tmp/com.apple.launchd.wSMf0CqkF6/Listeners
# automatic
%F = $(notdir $%)
# environment
DISPLAY = /private/tmp/com.apple.launchd.uGv6Pu5zS3/org.xquartz:0
# environment
CONDA_EXE = /Users/matto/opt/anaconda3/bin/conda
# environment
PWD = /Users/matto/Unison/github/vitroid.github.io/MD
# environment
GEM_HOME = /Users/matto/.gem/ruby/2.7.4
# environment
ORIGINAL_XDG_CURRENT_DESKTOP = undefined
# environment
MANPATH = /opt/local/man:/usr/local/share/man:/usr/share/man:/usr/X11R6/man
# environment
VSCODE_AMD_ENTRYPOINT = vs/workbench/api/node/extensionHostProcess
# environment
HOME = /Users/matto
# default
MAKEFILEPATH = $(shell /usr/bin/xcode-select -print-path 2>/dev/null || echo /Developer)/Makefiles
# environment
VSCODE_CODE_CACHE_PATH = /Users/matto/Library/Application Support/Code - Insiders/CachedData/6455bf1608dfa1b955717f66295f0f9200db0f73
# environment
LOGNAME = matto
# environment
APPLICATION_INSIGHTS_NO_DIAGNOSTIC_CHANNEL = 1
# environment
VSCODE_HANDLES_UNCAUGHT_ERRORS = true
# automatic
^D = $(patsubst %/,%,$(dir $^))
# environment
GEM_PATH = /Users/matto/.gem/ruby/2.7.4:/Users/matto/.rubies/ruby-2.7.4/lib/ruby/gems/2.7.0
# environment
XPC_FLAGS = 0x0
# default
MAKE = $(MAKE_COMMAND)
# default
MAKECMDGOALS := all
# environment
SHLVL = 2
# environment
RUBY_ROOT = /Users/matto/.rubies/ruby-2.7.4
# default
MAKE_VERSION := 3.81
# environment
USER = matto
# makefile
.DEFAULT_GOAL := build
# environment
RUBY_ENGINE = ruby
# automatic
%D = $(patsubst %/,%,$(dir $%))
# environment
CONDA_SHLVL = 0
# default
MAKE_COMMAND := /Library/Developer/CommandLineTools/usr/bin/make
# default
.VARIABLES := 
# environment
TMPDIR = /var/folders/g2/t_qwkbf48xj4860059bm17mh0000gs/T/
# environment
CVS_RSH = ssh
# automatic
*F = $(notdir $*)
# environment
VSCODE_IPC_HOOK = /Users/matto/Library/Application Support/Code - Insiders/1.73.0-insider-main.sock
# environment
MallocNanoZone = 0
# makefile
MAKEFLAGS = Rrqp
# environment
MFLAGS = -Rrqp
# automatic
*D = $(patsubst %/,%,$(dir $*))
# environment
XPC_SERVICE_NAME = application.com.microsoft.VSCodeInsiders.179268984.179268990
# automatic
+D = $(patsubst %/,%,$(dir $+))
# automatic
+F = $(notdir $+)
# environment
__CF_USER_TEXT_ENCODING = 0x1F9:0x0:0x0
# environment
COMMAND_MODE = unix2003
# default
MAKEFILES := 
# automatic
<F = $(notdir $<)
# environment
LC_ALL = C
# environment
CONDA_PYTHON_EXE = /Users/matto/opt/anaconda3/bin/python
# automatic
^F = $(notdir $^)
# default
SUFFIXES := 
# environment
GEM_ROOT = /Users/matto/.rubies/ruby-2.7.4/lib/ruby/gems/2.7.0
# environment
_CE_M = 
# default
.INCLUDE_DIRS = /usr/local/include
# environment
MAKELEVEL := 0
# environment
LANG = C
# environment
VSCODE_PID = 6616
# environment
_CE_CONDA = 
# variable set hash-table stats:
# Load=74/1024=7%, Rehash=0, Collisions=2/98=2%

# Pattern-specific Variable Values

# No pattern-specific variable values.

# Directories

# . (device 16777233, inode 1007199): 560 files, no impossibilities.

# 560 files, no impossibilities in 1 directories.

# Implicit Rules

# No implicit rules.

# Files

# Not a target:
all:
#  Command-line target.
#  Implicit rule search has been done.
#  File does not exist.
#  File has not been updated.
# variable set hash-table stats:
# Load=0/32=0%, Rehash=0, Collisions=0/0=0%

parse:
#  Implicit rule search has not been done.
#  Modification time never checked.
#  File has not been updated.
#  commands to execute (from `Makefile', line 4):
	python3 make.py
	

# Not a target:
.SUFFIXES:
#  Implicit rule search has not been done.
#  Modification time never checked.
#  File has not been updated.

push:
#  Implicit rule search has not been done.
#  Modification time never checked.
#  File has not been updated.
#  commands to execute (from `Makefile', line 13):
	git add -A
	git commit -m.
	git push
	

# Not a target:
Makefile:
#  Implicit rule search has been done.
#  Last modified 2022-03-08 12:03:56
#  File has been updated.
#  Successfully updated.
# variable set hash-table stats:
# Load=0/32=0%, Rehash=0, Collisions=0/0=0%

xfer-attach:
#  Implicit rule search has not been done.
#  Modification time never checked.
#  File has not been updated.
#  commands to execute (from `Makefile', line 23):
	rsync -av _conv/ theochem@www.chem.okayama-u.ac.jp:Sites/vitroid/
	

build: parse
#  Implicit rule search has not been done.
#  Modification time never checked.
#  File has not been updated.
#  commands to execute (from `Makefile', line 2):
	cd ..; bundle exec jekyll build --verbose --incremental
	

prepare:
#  Implicit rule search has not been done.
#  Modification time never checked.
#  File has not been updated.
#  commands to execute (from `Makefile', line 10):
	python3 unscrapbox.py *json
	

force:
#  Implicit rule search has not been done.
#  Modification time never checked.
#  File has not been updated.
#  commands to execute (from `Makefile', line 6):
	python3 make.py -f
	

# Not a target:
.DEFAULT:
#  Implicit rule search has not been done.
#  Modification time never checked.
#  File has not been updated.

deploy: push
#  Implicit rule search has not been done.
#  Modification time never checked.
#  File has not been updated.

serve:
#  Implicit rule search has not been done.
#  Modification time never checked.
#  File has not been updated.
#  commands to execute (from `Makefile', line 8):
	cd ..; bundle exec jekyll serve --incremental --watch & open http://localhost:4000
	

prepare-wiki:
#  Implicit rule search has not been done.
#  Modification time never checked.
#  File has not been updated.
#  commands to execute (from `Makefile', line 19):
	rsync -av chemist@www.chem.okayama-u.ac.jp:/home/theochem/wiki-data/attach/matto _attach/
	

# files hash-table stats:
# Load=13/1024=1%, Rehash=0, Collisions=0/27=0%
# VPATH Search Paths

# No `vpath' search paths.

# No general (`VPATH' variable) search path.

# # of strings in strcache: 1
# # of strcache buffers: 1
# strcache size: total = 4096 / max = 4096 / min = 4096 / avg = 4096
# strcache free: total = 4087 / max = 4087 / min = 4087 / avg = 4087

# Finished Make data base on Wed Nov 16 14:24:32 2022

 
make: *** No rule to make target `all'.  Stop.

